{
  "RSpec": {
    "coverage": {
      "/Users/satoshi_uotani/playground/real_word_rpg/lib/core_extensions.rb": {
        "lines": [
          null,
          null,
          1,
          1,
          0,
          null,
          null,
          null,
          1,
          1,
          0,
          0,
          0,
          0,
          null,
          null,
          null,
          1,
          0,
          0,
          0,
          0,
          null,
          0,
          0,
          0,
          0,
          0,
          0,
          null,
          0,
          null,
          0,
          0,
          null,
          null,
          1,
          0,
          0,
          0,
          0,
          null,
          0,
          0,
          null,
          null
        ],
        "branches": {
          "[:if, 0, 11, 4, 15, 7]": {
            "[:then, 1, 12, 13, 12, 26]": 0,
            "[:else, 2, 13, 4, 14, 25]": 0
          },
          "[:if, 3, 13, 4, 14, 25]": {
            "[:then, 4, 14, 13, 14, 25]": 0,
            "[:else, 5, 13, 4, 14, 25]": 0
          },
          "[:if, 6, 28, 8, 28, 52]": {
            "[:then, 7, 28, 8, 28, 28]": 0,
            "[:else, 8, 28, 8, 28, 52]": 0
          },
          "[:if, 9, 40, 6, 40, 50]": {
            "[:then, 10, 40, 6, 40, 26]": 0,
            "[:else, 11, 40, 6, 40, 50]": 0
          }
        }
      },
      "/Users/satoshi_uotani/playground/real_word_rpg/app/models/user.rb": {
        "lines": [
          1,
          null,
          null,
          1,
          null,
          null,
          null,
          1,
          1,
          1,
          1,
          null,
          null,
          1,
          1,
          1,
          1,
          null,
          1,
          null,
          1,
          0,
          null,
          null,
          null
        ],
        "branches": {
        }
      },
      "/Users/satoshi_uotani/playground/real_word_rpg/app/models/application_record.rb": {
        "lines": [
          1,
          1,
          null
        ],
        "branches": {
        }
      },
      "/Users/satoshi_uotani/playground/real_word_rpg/app/helpers/application_helper.rb": {
        "lines": [
          1,
          1,
          0,
          null,
          null,
          1,
          0,
          0,
          0,
          null,
          0,
          null,
          null,
          null,
          1,
          0,
          0,
          null,
          null,
          1,
          0,
          0,
          null,
          null,
          1,
          0,
          null,
          null,
          1,
          0,
          0,
          0,
          0,
          null,
          null,
          null,
          1,
          0,
          0,
          null,
          null,
          1,
          0,
          0,
          null,
          0,
          null,
          null,
          null
        ],
        "branches": {
          "[:if, 0, 8, 4, 12, 7]": {
            "[:then, 1, 9, 6, 9, 16]": 0,
            "[:else, 2, 11, 6, 11, 37]": 0
          },
          "[:if, 3, 16, 4, 16, 34]": {
            "[:then, 4, 16, 4, 16, 20]": 0,
            "[:else, 5, 16, 4, 16, 34]": 0
          },
          "[:if, 6, 21, 4, 21, 46]": {
            "[:then, 7, 21, 4, 21, 32]": 0,
            "[:else, 8, 21, 4, 21, 46]": 0
          },
          "[:if, 9, 30, 4, 34, 7]": {
            "[:then, 10, 31, 13, 31, 26]": 0,
            "[:else, 11, 32, 4, 33, 26]": 0
          },
          "[:if, 12, 32, 4, 33, 26]": {
            "[:then, 13, 33, 13, 33, 26]": 0,
            "[:else, 14, 32, 4, 33, 26]": 0
          },
          "[:if, 15, 38, 4, 38, 41]": {
            "[:then, 16, 38, 4, 38, 24]": 0,
            "[:else, 17, 38, 4, 38, 41]": 0
          },
          "[:if, 18, 43, 4, 47, 7]": {
            "[:then, 19, 44, 13, 44, 26]": 0,
            "[:else, 20, 46, 13, 46, 26]": 0
          }
        }
      },
      "/Users/satoshi_uotani/playground/real_word_rpg/app/models/store_category.rb": {
        "lines": [
          1,
          1,
          1,
          null
        ],
        "branches": {
        }
      },
      "/Users/satoshi_uotani/playground/real_word_rpg/app/models/item_category.rb": {
        "lines": [
          1,
          1,
          1,
          1,
          null
        ],
        "branches": {
        }
      },
      "/Users/satoshi_uotani/playground/real_word_rpg/app/models/item_sub_category.rb": {
        "lines": [
          1,
          1,
          1,
          1,
          1,
          null,
          1,
          null
        ],
        "branches": {
        }
      },
      "/Users/satoshi_uotani/playground/real_word_rpg/app/controllers/users/sessions_controller.rb": {
        "lines": [
          null,
          null,
          1,
          null,
          null,
          null,
          null,
          null,
          null,
          null,
          null,
          null,
          null,
          null,
          null,
          null,
          null,
          null,
          null,
          null,
          null,
          null,
          null,
          1,
          0,
          null,
          null,
          1,
          1,
          null,
          null
        ],
        "branches": {
        }
      },
      "/Users/satoshi_uotani/playground/real_word_rpg/app/controllers/application_controller.rb": {
        "lines": [
          1,
          null
        ],
        "branches": {
        }
      },
      "/Users/satoshi_uotani/playground/real_word_rpg/app/controllers/dashboard_controller.rb": {
        "lines": [
          1,
          1,
          null,
          1,
          2,
          null,
          null
        ],
        "branches": {
        }
      },
      "/Users/satoshi_uotani/playground/real_word_rpg/app/models/store.rb": {
        "lines": [
          1,
          1,
          1,
          1,
          1,
          1,
          null,
          null,
          1,
          1,
          1,
          null,
          null,
          1,
          null,
          null,
          1,
          null,
          1,
          null,
          1,
          2,
          0,
          null,
          null,
          null
        ],
        "branches": {
          "[:if, 0, 22, 4, 24, 7]": {
            "[:then, 1, 23, 6, 23, 101]": 0,
            "[:else, 2, 22, 4, 24, 7]": 2
          }
        }
      },
      "/Users/satoshi_uotani/playground/real_word_rpg/app/controllers/store/towns_controller.rb": {
        "lines": [
          1,
          1,
          null,
          1,
          0,
          null,
          null,
          1,
          null,
          null,
          1,
          1,
          null,
          null,
          1,
          1,
          null,
          1,
          1,
          1,
          null,
          1,
          null,
          0,
          0,
          null,
          null,
          1,
          2,
          2,
          2,
          null,
          null,
          1,
          null,
          null,
          1,
          0,
          0,
          0,
          null,
          0,
          0,
          null,
          null,
          null,
          null,
          null,
          null,
          null,
          null,
          null,
          null,
          null,
          null,
          null,
          null,
          1,
          null,
          1,
          2,
          null,
          null,
          1,
          1,
          1,
          1,
          null,
          null,
          null,
          1,
          null,
          1,
          9,
          null,
          null
        ],
        "branches": {
          "[:if, 0, 39, 4, 44, 7]": {
            "[:then, 1, 40, 6, 40, 77]": 0,
            "[:else, 2, 42, 6, 43, 26]": 0
          }
        }
      },
      "/Users/satoshi_uotani/playground/real_word_rpg/app/controllers/store/application_controller.rb": {
        "lines": [
          1,
          1,
          1,
          null
        ],
        "branches": {
        }
      },
      "/Users/satoshi_uotani/playground/real_word_rpg/app/models/town.rb": {
        "lines": [
          1,
          1,
          1,
          1,
          1,
          null,
          1,
          null,
          null,
          1,
          null,
          null,
          1,
          null,
          1,
          null,
          1,
          1,
          1,
          null,
          1,
          null,
          null,
          null,
          null,
          null,
          null,
          null,
          1,
          3,
          null,
          null,
          null,
          null,
          null,
          null,
          null,
          null,
          null,
          1,
          1,
          0,
          null,
          null,
          null
        ],
        "branches": {
          "[:unless, 0, 19, 4, 19, 36]": {
            "[:else, 1, 19, 4, 19, 36]": 1,
            "[:then, 2, 19, 4, 19, 10]": 0
          },
          "[:if, 3, 41, 4, 43, 7]": {
            "[:then, 4, 42, 6, 42, 70]": 0,
            "[:else, 5, 41, 4, 43, 7]": 1
          }
        }
      },
      "/Users/satoshi_uotani/playground/real_word_rpg/app/models/stock.rb": {
        "lines": [
          1,
          1,
          1,
          1,
          null,
          1,
          null
        ],
        "branches": {
        }
      },
      "/Users/satoshi_uotani/playground/real_word_rpg/app/models/user_town.rb": {
        "lines": [
          1,
          1,
          1,
          null
        ],
        "branches": {
        }
      },
      "/Users/satoshi_uotani/playground/real_word_rpg/app/controllers/store/dashboard_controller.rb": {
        "lines": [
          1,
          1,
          4,
          null,
          null
        ],
        "branches": {
        }
      },
      "/Users/satoshi_uotani/playground/real_word_rpg/app/controllers/store/stores_controller.rb": {
        "lines": [
          1,
          1,
          null,
          1,
          0,
          null,
          null,
          1,
          null,
          null,
          1,
          1,
          1,
          1,
          1,
          null,
          null,
          1,
          1,
          null,
          1,
          1,
          null,
          0,
          0,
          0,
          0,
          null,
          null,
          null,
          1,
          0,
          0,
          null,
          null,
          1,
          null,
          0,
          0,
          null,
          0,
          0,
          0,
          null,
          null,
          null,
          1,
          null,
          1,
          0,
          null,
          null,
          1,
          1,
          null,
          null
        ],
        "branches": {
          "[:if, 0, 15, 4, 15, 106]": {
            "[:then, 1, 15, 4, 15, 89]": 0,
            "[:else, 2, 15, 4, 15, 106]": 1
          },
          "[:if, 3, 21, 4, 28, 7]": {
            "[:then, 4, 22, 6, 22, 97]": 1,
            "[:else, 5, 24, 6, 27, 17]": 0
          },
          "[:if, 6, 38, 4, 44, 7]": {
            "[:then, 7, 39, 6, 39, 78]": 0,
            "[:else, 8, 41, 6, 43, 18]": 0
          }
        }
      },
      "/Users/satoshi_uotani/playground/real_word_rpg/app/controllers/store/store_actions_controller.rb": {
        "lines": [
          1,
          1,
          2,
          2,
          null,
          2,
          null,
          null,
          null,
          null,
          null,
          null,
          null,
          2,
          null,
          null,
          null
        ],
        "branches": {
        }
      },
      "/Users/satoshi_uotani/playground/real_word_rpg/app/controllers/store/stocks_controller.rb": {
        "lines": [
          1,
          1,
          1,
          1,
          null,
          1,
          3,
          null,
          null,
          1,
          null,
          null,
          1,
          0,
          null,
          null,
          1,
          0,
          0,
          null,
          0,
          0,
          null,
          0,
          null,
          null,
          null,
          1,
          null,
          null,
          1,
          0,
          0,
          null,
          0,
          null,
          null,
          null,
          1,
          0,
          0,
          null,
          null,
          1,
          null,
          1,
          3,
          null,
          null,
          1,
          0,
          null,
          null,
          1,
          3,
          null,
          null,
          1,
          0,
          null,
          null
        ],
        "branches": {
          "[:if, 0, 21, 4, 25, 7]": {
            "[:then, 1, 22, 6, 22, 103]": 0,
            "[:else, 2, 24, 6, 24, 17]": 0
          },
          "[:if, 3, 32, 4, 36, 7]": {
            "[:then, 4, 33, 6, 33, 103]": 0,
            "[:else, 5, 35, 6, 35, 18]": 0
          }
        }
      },
      "/Users/satoshi_uotani/playground/real_word_rpg/app/controllers/store/recipes_controller.rb": {
        "lines": [
          1,
          1,
          1,
          null,
          1,
          4,
          null,
          null,
          1,
          1,
          1,
          1,
          null,
          null,
          1,
          1,
          null,
          1,
          1,
          null,
          0,
          0,
          0,
          null,
          null,
          null,
          1,
          1,
          1,
          null,
          null,
          1,
          1,
          1,
          2,
          null,
          null,
          1,
          0,
          0,
          null,
          null,
          1,
          1,
          1,
          1,
          null,
          null,
          null,
          null,
          null,
          null,
          null,
          null,
          1,
          null,
          0,
          null,
          null,
          1,
          null,
          1,
          8,
          null,
          null,
          1,
          2,
          null,
          null,
          1,
          1,
          null,
          null,
          1,
          1,
          null,
          null,
          null,
          null,
          null,
          1,
          1,
          null,
          null
        ],
        "branches": {
          "[:if, 0, 18, 4, 24, 7]": {
            "[:then, 1, 19, 6, 19, 116]": 1,
            "[:else, 2, 21, 6, 23, 17]": 0
          },
          "[:if, 3, 38, 4, 41, 7]": {
            "[:then, 4, 39, 6, 40, 12]": 0,
            "[:else, 5, 38, 4, 41, 7]": 1
          }
        }
      },
      "/Users/satoshi_uotani/playground/real_word_rpg/app/models/recipe.rb": {
        "lines": [
          1,
          1,
          1,
          1,
          1,
          null,
          1,
          1,
          null
        ],
        "branches": {
        }
      },
      "/Users/satoshi_uotani/playground/real_word_rpg/app/models/recipe_item_sub_category.rb": {
        "lines": [
          1,
          1,
          1,
          null
        ],
        "branches": {
        }
      },
      "/Users/satoshi_uotani/playground/real_word_rpg/app/channels/application_cable/channel.rb": {
        "lines": [
          0,
          0,
          0,
          0
        ],
        "branches": {
        }
      },
      "/Users/satoshi_uotani/playground/real_word_rpg/app/channels/application_cable/connection.rb": {
        "lines": [
          0,
          0,
          0,
          0
        ],
        "branches": {
        }
      },
      "/Users/satoshi_uotani/playground/real_word_rpg/app/controllers/charactor_tickets_controller.rb": {
        "lines": [
          0,
          null,
          0,
          0,
          0,
          0,
          null,
          null,
          0,
          0,
          0,
          0,
          0,
          0
        ],
        "branches": {
        }
      },
      "/Users/satoshi_uotani/playground/real_word_rpg/app/controllers/charactors_controller.rb": {
        "lines": [
          0,
          0,
          null,
          0,
          0,
          0,
          null,
          null,
          0,
          0,
          0,
          null,
          0,
          0,
          0,
          0,
          0,
          0,
          0,
          0,
          0,
          0,
          null,
          0,
          null,
          null,
          0,
          0,
          0,
          0
        ],
        "branches": {
        }
      },
      "/Users/satoshi_uotani/playground/real_word_rpg/app/controllers/experience_logs_controller.rb": {
        "lines": [
          0,
          0,
          null,
          0,
          0,
          0,
          0,
          0,
          0,
          0,
          0,
          0,
          0,
          null,
          0,
          null,
          0,
          0,
          0,
          null,
          0,
          null,
          null,
          0,
          null,
          0,
          0,
          0,
          0,
          null,
          null,
          0,
          0,
          0,
          0,
          0,
          0,
          null,
          0,
          0,
          0,
          null,
          0,
          0,
          0,
          0,
          0,
          0,
          0,
          0,
          0,
          0,
          0
        ],
        "branches": {
        }
      },
      "/Users/satoshi_uotani/playground/real_word_rpg/app/controllers/experiences_controller.rb": {
        "lines": [
          0,
          0,
          null,
          0,
          0,
          0,
          null,
          0,
          0,
          0,
          0,
          null,
          0,
          0,
          0,
          0,
          0,
          0,
          0,
          0,
          0,
          0,
          0,
          null,
          0,
          0,
          0,
          null,
          0,
          0,
          0,
          0,
          0,
          0,
          0,
          0,
          0,
          0,
          null,
          0,
          0,
          0,
          0,
          0,
          null,
          0,
          null,
          0,
          0,
          0,
          0
        ],
        "branches": {
        }
      },
      "/Users/satoshi_uotani/playground/real_word_rpg/app/controllers/htmladmin/htmladmin_controller.rb": {
        "lines": [
          0,
          null,
          0,
          0
        ],
        "branches": {
        }
      },
      "/Users/satoshi_uotani/playground/real_word_rpg/app/controllers/htmladmin/managed_htmls_controller.rb": {
        "lines": [
          0,
          0,
          0,
          0,
          null,
          0,
          null,
          0,
          0,
          0,
          0,
          0,
          0,
          0,
          0,
          0,
          0,
          0,
          0,
          0,
          0,
          0,
          0,
          0,
          null,
          0,
          0,
          0,
          null,
          0,
          0,
          0,
          0,
          null,
          0,
          0,
          0,
          null,
          0,
          0,
          0,
          0,
          0,
          0,
          0,
          0,
          0,
          0,
          0,
          null,
          0,
          0,
          0,
          0,
          0,
          0,
          0,
          0,
          0,
          0,
          null,
          0,
          0,
          0,
          0,
          0,
          null,
          0,
          0,
          0,
          0,
          0,
          null,
          0,
          null,
          0,
          0,
          0,
          null,
          0,
          0,
          0,
          0,
          null,
          0,
          0,
          0,
          null,
          0,
          0,
          0,
          0,
          0,
          0,
          0,
          0,
          0,
          null,
          0,
          0,
          0,
          0
        ],
        "branches": {
        }
      },
      "/Users/satoshi_uotani/playground/real_word_rpg/app/controllers/htmladmin/sources_controller.rb": {
        "lines": [
          0,
          0,
          null,
          0,
          null,
          0,
          0,
          null,
          0,
          0,
          0,
          0,
          0,
          0,
          0,
          0,
          null,
          0,
          null,
          0,
          0,
          0,
          null,
          0,
          0,
          0,
          0
        ],
        "branches": {
        }
      },
      "/Users/satoshi_uotani/playground/real_word_rpg/app/controllers/shops_controller.rb": {
        "lines": [
          0,
          0,
          null,
          0,
          0,
          0,
          0,
          null,
          0,
          0,
          0,
          0,
          0,
          0,
          0,
          0,
          0,
          0,
          0
        ],
        "branches": {
        }
      },
      "/Users/satoshi_uotani/playground/real_word_rpg/app/controllers/store/item_sub_categories_controller.rb": {
        "lines": [
          0,
          0,
          0,
          0,
          0,
          null,
          0,
          0,
          null,
          0,
          0,
          0,
          0,
          0,
          0,
          0,
          0,
          null,
          0,
          null,
          0,
          0,
          0,
          0
        ],
        "branches": {
        }
      },
      "/Users/satoshi_uotani/playground/real_word_rpg/app/controllers/tickets_controller.rb": {
        "lines": [
          0,
          0,
          0,
          null,
          0,
          0,
          0,
          null,
          0,
          0,
          0,
          0,
          0,
          null,
          0,
          0,
          0,
          null,
          0,
          0,
          0,
          0,
          0,
          0,
          0,
          0,
          0,
          0,
          null,
          0,
          0,
          0,
          0,
          0,
          null,
          0,
          null,
          0,
          0,
          0,
          null,
          0,
          0,
          0,
          0
        ],
        "branches": {
        }
      },
      "/Users/satoshi_uotani/playground/real_word_rpg/app/controllers/users/confirmations_controller.rb": {
        "lines": [
          null,
          null,
          0,
          null,
          null,
          null,
          null,
          null,
          null,
          null,
          null,
          null,
          null,
          null,
          null,
          null,
          null,
          null,
          null,
          null,
          null,
          null,
          null,
          null,
          null,
          null,
          null,
          null,
          null,
          0
        ],
        "branches": {
        }
      },
      "/Users/satoshi_uotani/playground/real_word_rpg/app/controllers/users/omniauth_callbacks_controller.rb": {
        "lines": [
          null,
          null,
          0,
          null,
          null,
          null,
          null,
          null,
          null,
          null,
          null,
          null,
          null,
          null,
          null,
          null,
          null,
          null,
          null,
          null,
          null,
          null,
          null,
          null,
          null,
          null,
          null,
          null,
          null,
          0
        ],
        "branches": {
        }
      },
      "/Users/satoshi_uotani/playground/real_word_rpg/app/controllers/users/passwords_controller.rb": {
        "lines": [
          null,
          null,
          0,
          null,
          null,
          null,
          null,
          null,
          null,
          null,
          null,
          null,
          null,
          null,
          null,
          null,
          null,
          null,
          null,
          null,
          null,
          null,
          null,
          null,
          null,
          null,
          null,
          null,
          null,
          null,
          null,
          null,
          null,
          0
        ],
        "branches": {
        }
      },
      "/Users/satoshi_uotani/playground/real_word_rpg/app/controllers/users/registrations_controller.rb": {
        "lines": [
          null,
          null,
          0,
          0,
          null,
          null,
          null,
          null,
          null,
          null,
          null,
          null,
          null,
          null,
          null,
          null,
          null,
          null,
          null,
          null,
          null,
          null,
          null,
          null,
          null,
          null,
          null,
          null,
          null,
          null,
          null,
          null,
          null,
          null,
          null,
          null,
          null,
          null,
          null,
          null,
          null,
          null,
          null,
          0,
          0,
          0,
          null,
          null,
          null,
          null,
          null,
          null,
          null,
          null,
          null,
          null,
          null,
          null,
          null,
          null,
          null,
          0
        ],
        "branches": {
        }
      },
      "/Users/satoshi_uotani/playground/real_word_rpg/app/controllers/users/unlocks_controller.rb": {
        "lines": [
          null,
          null,
          0,
          null,
          null,
          null,
          null,
          null,
          null,
          null,
          null,
          null,
          null,
          null,
          null,
          null,
          null,
          null,
          null,
          null,
          null,
          null,
          null,
          null,
          null,
          null,
          null,
          null,
          null,
          0
        ],
        "branches": {
        }
      },
      "/Users/satoshi_uotani/playground/real_word_rpg/app/jobs/application_job.rb": {
        "lines": [
          0,
          0
        ],
        "branches": {
        }
      },
      "/Users/satoshi_uotani/playground/real_word_rpg/app/mailers/application_mailer.rb": {
        "lines": [
          0,
          0,
          0,
          0
        ],
        "branches": {
        }
      },
      "/Users/satoshi_uotani/playground/real_word_rpg/app/models/buisiness_time.rb": {
        "lines": [
          0,
          0
        ],
        "branches": {
        }
      },
      "/Users/satoshi_uotani/playground/real_word_rpg/app/models/category.rb": {
        "lines": [
          0,
          0,
          0,
          0,
          0,
          0,
          0,
          0,
          0,
          0
        ],
        "branches": {
        }
      },
      "/Users/satoshi_uotani/playground/real_word_rpg/app/models/charactor.rb": {
        "lines": [
          0,
          0,
          0,
          0,
          0,
          0,
          null,
          null,
          0,
          null,
          0,
          0,
          0,
          null,
          0,
          0,
          0,
          0,
          null,
          0,
          0,
          0,
          0,
          0,
          0,
          0,
          0,
          null,
          0,
          0,
          0,
          0
        ],
        "branches": {
        }
      },
      "/Users/satoshi_uotani/playground/real_word_rpg/app/models/charactor_ticket.rb": {
        "lines": [
          0,
          0,
          0,
          0
        ],
        "branches": {
        }
      },
      "/Users/satoshi_uotani/playground/real_word_rpg/app/models/experience.rb": {
        "lines": [
          0,
          0,
          0,
          0,
          0,
          null,
          0,
          0,
          0,
          0,
          null,
          0,
          0,
          0
        ],
        "branches": {
        }
      },
      "/Users/satoshi_uotani/playground/real_word_rpg/app/models/import_html.rb": {
        "lines": [
          0,
          0,
          0,
          null,
          0,
          0
        ],
        "branches": {
        }
      },
      "/Users/satoshi_uotani/playground/real_word_rpg/app/models/managed_html.rb": {
        "lines": [
          0,
          null,
          0,
          null,
          0,
          0,
          0,
          0,
          null,
          0,
          null,
          0,
          0,
          0,
          null,
          0,
          0,
          0,
          0,
          null,
          0,
          null,
          0,
          0,
          0,
          0,
          0,
          0,
          null,
          0,
          0,
          0,
          null,
          0,
          0,
          0,
          null,
          0,
          0,
          0,
          0,
          0,
          0
        ],
        "branches": {
        }
      },
      "/Users/satoshi_uotani/playground/real_word_rpg/app/models/ticket.rb": {
        "lines": [
          0,
          0,
          0,
          0,
          null,
          0,
          null,
          0,
          0,
          null,
          0,
          0,
          0
        ],
        "branches": {
        }
      },
      "/Users/satoshi_uotani/playground/real_word_rpg/app/models/vr.rb": {
        "lines": [
          0,
          0,
          0,
          null,
          0,
          0
        ],
        "branches": {
        }
      },
      "/Users/satoshi_uotani/playground/real_word_rpg/app/models/yaml_to_html.rb": {
        "lines": [
          null,
          0,
          0,
          null,
          null,
          0,
          0,
          null,
          0,
          null,
          null,
          0,
          0,
          0,
          0,
          0,
          0,
          0,
          0,
          0,
          0,
          null,
          0,
          0,
          0,
          0,
          0,
          null,
          0,
          0,
          null,
          0,
          null,
          0,
          0,
          0,
          0,
          0,
          0,
          0,
          0,
          0,
          0,
          0,
          0,
          0,
          0,
          0,
          0,
          0,
          0,
          0,
          0,
          0,
          0,
          0,
          null,
          0,
          0,
          0,
          0,
          0,
          0,
          0,
          0,
          null,
          0,
          0,
          0,
          0,
          0,
          0,
          0,
          0,
          0,
          0,
          0,
          0,
          0,
          0,
          0,
          0,
          0,
          0,
          0,
          0,
          null,
          0,
          0,
          0,
          0,
          0,
          0,
          null,
          0,
          0,
          0,
          0,
          0,
          0,
          0,
          0,
          0,
          0,
          0,
          0,
          0,
          0,
          0,
          0,
          null,
          0,
          0,
          0,
          0,
          0,
          0,
          0,
          0,
          0,
          0,
          0,
          0,
          0,
          0,
          0,
          0,
          0,
          null,
          0,
          0,
          0,
          0,
          0,
          0,
          0,
          0,
          0,
          0,
          0,
          0,
          0,
          0,
          null,
          0,
          0,
          0,
          0,
          0,
          0,
          0,
          0,
          0,
          0,
          0,
          0,
          0,
          null,
          null,
          0,
          0,
          0,
          0,
          0,
          null,
          0,
          null,
          0,
          0,
          0,
          0,
          0,
          0,
          null,
          0,
          0,
          0,
          0,
          0,
          0,
          0
        ],
        "branches": {
        }
      },
      "/Users/satoshi_uotani/playground/real_word_rpg/app/services/message_service.rb": {
        "lines": [
          0,
          null,
          0,
          0,
          0,
          0,
          0,
          0,
          0,
          0,
          0,
          null,
          0,
          null,
          0,
          0,
          0,
          0,
          0,
          0,
          0,
          0,
          0,
          null,
          0,
          0,
          0,
          0,
          0,
          0,
          0,
          0,
          0,
          0
        ],
        "branches": {
        }
      }
    },
    "timestamp": 1780301106
  }
}
