{
  "RSpec": {
    "coverage": {
      "/Users/satoshi_uotani/playground/real_word_rpg/lib/core_extensions.rb": {
        "lines": [
          null,
          null,
          1,
          1,
          0,
          null,
          null,
          null,
          1,
          1,
          0,
          0,
          0,
          0,
          null,
          null,
          null,
          1,
          0,
          0,
          0,
          0,
          null,
          0,
          0,
          0,
          0,
          0,
          0,
          null,
          0,
          null,
          0,
          0,
          null,
          null,
          1,
          0,
          0,
          0,
          0,
          null,
          0,
          0,
          null,
          null
        ],
        "branches": {
          "[:if, 0, 11, 4, 15, 7]": {
            "[:then, 1, 12, 13, 12, 26]": 0,
            "[:else, 2, 13, 4, 14, 25]": 0
          },
          "[:if, 3, 13, 4, 14, 25]": {
            "[:then, 4, 14, 13, 14, 25]": 0,
            "[:else, 5, 13, 4, 14, 25]": 0
          },
          "[:if, 6, 28, 8, 28, 52]": {
            "[:then, 7, 28, 8, 28, 28]": 0,
            "[:else, 8, 28, 8, 28, 52]": 0
          },
          "[:if, 9, 40, 6, 40, 50]": {
            "[:then, 10, 40, 6, 40, 26]": 0,
            "[:else, 11, 40, 6, 40, 50]": 0
          }
        }
      },
      "/Users/satoshi_uotani/playground/real_word_rpg/app/models/user.rb": {
        "lines": [
          1,
          null,
          null,
          1,
          null,
          null,
          null,
          1,
          1,
          1,
          1,
          null,
          null,
          1,
          1,
          1,
          1,
          1,
          null,
          1,
          1,
          null,
          1,
          2,
          null,
          null,
          1,
          2,
          null,
          null,
          1,
          0,
          null,
          null,
          null
        ],
        "branches": {
        }
      },
      "/Users/satoshi_uotani/playground/real_word_rpg/app/models/application_record.rb": {
        "lines": [
          1,
          1,
          null
        ],
        "branches": {
        }
      },
      "/Users/satoshi_uotani/playground/real_word_rpg/app/helpers/application_helper.rb": {
        "lines": [
          1,
          1,
          0,
          null,
          null,
          1,
          0,
          0,
          0,
          null,
          0,
          null,
          null,
          null,
          1,
          0,
          0,
          null,
          null,
          1,
          0,
          0,
          null,
          null,
          1,
          0,
          null,
          null,
          1,
          0,
          0,
          0,
          0,
          null,
          null,
          null,
          1,
          0,
          0,
          null,
          null,
          1,
          0,
          0,
          null,
          0,
          null,
          null,
          null
        ],
        "branches": {
          "[:if, 0, 8, 4, 12, 7]": {
            "[:then, 1, 9, 6, 9, 16]": 0,
            "[:else, 2, 11, 6, 11, 37]": 0
          },
          "[:if, 3, 16, 4, 16, 34]": {
            "[:then, 4, 16, 4, 16, 20]": 0,
            "[:else, 5, 16, 4, 16, 34]": 0
          },
          "[:if, 6, 21, 4, 21, 46]": {
            "[:then, 7, 21, 4, 21, 32]": 0,
            "[:else, 8, 21, 4, 21, 46]": 0
          },
          "[:if, 9, 30, 4, 34, 7]": {
            "[:then, 10, 31, 13, 31, 26]": 0,
            "[:else, 11, 32, 4, 33, 26]": 0
          },
          "[:if, 12, 32, 4, 33, 26]": {
            "[:then, 13, 33, 13, 33, 26]": 0,
            "[:else, 14, 32, 4, 33, 26]": 0
          },
          "[:if, 15, 38, 4, 38, 41]": {
            "[:then, 16, 38, 4, 38, 24]": 0,
            "[:else, 17, 38, 4, 38, 41]": 0
          },
          "[:if, 18, 43, 4, 47, 7]": {
            "[:then, 19, 44, 13, 44, 26]": 0,
            "[:else, 20, 46, 13, 46, 26]": 0
          }
        }
      },
      "/Users/satoshi_uotani/playground/real_word_rpg/app/services/virtual_customer_batch_service.rb": {
        "lines": [
          1,
          1,
          5,
          5,
          null,
          5,
          6,
          6,
          6,
          null,
          6,
          null,
          0,
          0,
          null,
          null,
          5,
          5,
          null,
          null
        ],
        "branches": {
          "[:\"&.\", 0, 8, 8, 8, 53]": {
            "[:then, 1, 8, 8, 8, 53]": 6,
            "[:else, 2, 8, 8, 8, 53]": 0
          }
        }
      },
      "/Users/satoshi_uotani/playground/real_word_rpg/app/controllers/api/batches/virtual_purchases_controller.rb": {
        "lines": [
          1,
          1,
          3,
          3,
          null,
          null
        ],
        "branches": {
        }
      },
      "/Users/satoshi_uotani/playground/real_word_rpg/app/controllers/api/batches_controller.rb": {
        "lines": [
          1,
          1,
          null,
          1,
          null,
          1,
          5,
          5,
          2,
          null,
          null,
          null
        ],
        "branches": {
          "[:unless, 0, 8, 4, 10, 7]": {
            "[:else, 1, 8, 4, 10, 7]": 3,
            "[:then, 2, 9, 6, 9, 67]": 2
          }
        }
      },
      "/Users/satoshi_uotani/playground/real_word_rpg/app/jobs/virtual_customer_batch_job.rb": {
        "lines": [
          1,
          1,
          null,
          1,
          0,
          0,
          null,
          null
        ],
        "branches": {
        }
      },
      "/Users/satoshi_uotani/playground/real_word_rpg/app/jobs/application_job.rb": {
        "lines": [
          1,
          null
        ],
        "branches": {
        }
      },
      "/Users/satoshi_uotani/playground/real_word_rpg/app/models/store_category.rb": {
        "lines": [
          1,
          1,
          1,
          null
        ],
        "branches": {
        }
      },
      "/Users/satoshi_uotani/playground/real_word_rpg/app/models/item_category.rb": {
        "lines": [
          1,
          1,
          1,
          1,
          null
        ],
        "branches": {
        }
      },
      "/Users/satoshi_uotani/playground/real_word_rpg/app/models/item_sub_category.rb": {
        "lines": [
          1,
          1,
          1,
          1,
          1,
          null,
          1,
          null
        ],
        "branches": {
        }
      },
      "/Users/satoshi_uotani/playground/real_word_rpg/app/controllers/users/sessions_controller.rb": {
        "lines": [
          null,
          null,
          1,
          null,
          null,
          null,
          null,
          null,
          null,
          null,
          null,
          null,
          null,
          null,
          null,
          null,
          null,
          null,
          null,
          null,
          null,
          null,
          null,
          1,
          0,
          null,
          null,
          1,
          1,
          null,
          null
        ],
        "branches": {
        }
      },
      "/Users/satoshi_uotani/playground/real_word_rpg/app/controllers/application_controller.rb": {
        "lines": [
          1,
          null
        ],
        "branches": {
        }
      },
      "/Users/satoshi_uotani/playground/real_word_rpg/app/controllers/dashboard_controller.rb": {
        "lines": [
          1,
          1,
          null,
          1,
          2,
          null,
          null
        ],
        "branches": {
        }
      },
      "/Users/satoshi_uotani/playground/real_word_rpg/app/models/store.rb": {
        "lines": [
          1,
          1,
          1,
          1,
          1,
          1,
          null,
          null,
          1,
          1,
          1,
          null,
          null,
          1,
          null,
          null,
          1,
          null,
          1,
          null,
          1,
          6,
          0,
          null,
          null,
          null
        ],
        "branches": {
          "[:if, 0, 22, 4, 24, 7]": {
            "[:then, 1, 23, 6, 23, 101]": 0,
            "[:else, 2, 22, 4, 24, 7]": 6
          }
        }
      },
      "/Users/satoshi_uotani/playground/real_word_rpg/app/controllers/store/towns_controller.rb": {
        "lines": [
          1,
          1,
          null,
          1,
          0,
          null,
          null,
          1,
          0,
          0,
          null,
          null,
          1,
          null,
          null,
          1,
          1,
          null,
          null,
          1,
          1,
          null,
          1,
          1,
          1,
          1,
          null,
          1,
          null,
          0,
          0,
          null,
          null,
          1,
          0,
          0,
          0,
          null,
          null,
          1,
          3,
          3,
          3,
          null,
          null,
          1,
          null,
          null,
          1,
          0,
          0,
          0,
          0,
          null,
          0,
          0,
          null,
          null,
          null,
          null,
          null,
          null,
          null,
          null,
          null,
          null,
          null,
          null,
          null,
          null,
          1,
          null,
          1,
          3,
          null,
          null,
          1,
          1,
          1,
          1,
          null,
          null,
          null,
          1,
          null,
          1,
          9,
          null,
          null
        ],
        "branches": {
          "[:if, 0, 51, 4, 57, 7]": {
            "[:then, 1, 52, 6, 53, 77]": 0,
            "[:else, 2, 55, 6, 56, 26]": 0
          }
        }
      },
      "/Users/satoshi_uotani/playground/real_word_rpg/app/controllers/store/application_controller.rb": {
        "lines": [
          1,
          1,
          1,
          null
        ],
        "branches": {
        }
      },
      "/Users/satoshi_uotani/playground/real_word_rpg/app/models/town.rb": {
        "lines": [
          1,
          1,
          1,
          1,
          1,
          null,
          1,
          null,
          null,
          1,
          null,
          null,
          1,
          null,
          1,
          null,
          1,
          5,
          5,
          null,
          1,
          null,
          null,
          null,
          null,
          null,
          null,
          null,
          1,
          3,
          null,
          null,
          null,
          null,
          null,
          null,
          null,
          null,
          null,
          1,
          5,
          0,
          null,
          null,
          null
        ],
        "branches": {
          "[:unless, 0, 19, 4, 19, 36]": {
            "[:else, 1, 19, 4, 19, 36]": 1,
            "[:then, 2, 19, 4, 19, 10]": 4
          },
          "[:if, 3, 41, 4, 43, 7]": {
            "[:then, 4, 42, 6, 42, 70]": 0,
            "[:else, 5, 41, 4, 43, 7]": 5
          }
        }
      },
      "/Users/satoshi_uotani/playground/real_word_rpg/app/models/stock.rb": {
        "lines": [
          1,
          1,
          1,
          1,
          null,
          1,
          1,
          null,
          6,
          null
        ],
        "branches": {
        }
      },
      "/Users/satoshi_uotani/playground/real_word_rpg/app/models/user_town.rb": {
        "lines": [
          1,
          1,
          1,
          null
        ],
        "branches": {
        }
      },
      "/Users/satoshi_uotani/playground/real_word_rpg/app/controllers/store/dashboard_controller.rb": {
        "lines": [
          1,
          1,
          3,
          3,
          3,
          8,
          null,
          null,
          null
        ],
        "branches": {
          "[:if, 0, 4, 4, 7, 7]": {
            "[:then, 1, 5, 6, 6, 85]": 3,
            "[:else, 2, 4, 4, 7, 7]": 0
          }
        }
      },
      "/Users/satoshi_uotani/playground/real_word_rpg/app/controllers/store/stores_controller.rb": {
        "lines": [
          1,
          1,
          1,
          null,
          1,
          0,
          null,
          null,
          1,
          0,
          0,
          null,
          null,
          1,
          1,
          1,
          1,
          1,
          null,
          null,
          1,
          1,
          null,
          1,
          1,
          null,
          0,
          0,
          0,
          0,
          null,
          null,
          null,
          1,
          0,
          0,
          null,
          null,
          1,
          null,
          0,
          0,
          null,
          0,
          0,
          0,
          null,
          null,
          null,
          1,
          null,
          1,
          0,
          null,
          null,
          1,
          0,
          null,
          null,
          1,
          1,
          null,
          null
        ],
        "branches": {
          "[:unless, 0, 11, 4, 11, 87]": {
            "[:else, 1, 11, 4, 11, 87]": 0,
            "[:then, 2, 11, 4, 11, 70]": 0
          },
          "[:if, 3, 18, 4, 18, 106]": {
            "[:then, 4, 18, 4, 18, 89]": 0,
            "[:else, 5, 18, 4, 18, 106]": 1
          },
          "[:if, 6, 24, 4, 31, 7]": {
            "[:then, 7, 25, 6, 25, 97]": 1,
            "[:else, 8, 27, 6, 30, 17]": 0
          },
          "[:if, 9, 41, 4, 47, 7]": {
            "[:then, 10, 42, 6, 42, 78]": 0,
            "[:else, 11, 44, 6, 46, 18]": 0
          }
        }
      },
      "/Users/satoshi_uotani/playground/real_word_rpg/app/controllers/store/store_actions_controller.rb": {
        "lines": [
          1,
          1,
          1,
          null,
          1,
          4,
          null,
          2,
          0,
          null,
          0,
          null,
          null,
          2,
          2,
          2,
          null,
          2,
          0,
          null,
          0,
          null,
          null,
          2,
          2,
          2,
          null,
          null,
          null,
          null,
          null,
          null,
          null,
          2,
          null,
          null,
          2,
          null,
          null,
          null,
          1,
          0,
          null,
          0,
          0,
          0,
          null,
          null,
          0,
          0,
          null,
          0,
          null,
          null,
          0,
          0,
          0,
          null,
          0,
          0,
          null,
          0,
          null,
          null,
          0,
          0,
          null,
          null,
          null,
          null,
          null,
          null,
          0,
          0,
          0,
          null,
          null,
          0,
          null,
          null,
          null,
          1,
          null,
          1,
          4,
          null,
          null,
          1,
          4,
          null,
          null
        ],
        "branches": {
          "[:unless, 0, 6, 4, 6, 31]": {
            "[:else, 1, 6, 4, 6, 31]": 2,
            "[:then, 2, 6, 4, 6, 10]": 2
          },
          "[:if, 3, 8, 4, 12, 7]": {
            "[:then, 4, 9, 6, 11, 12]": 0,
            "[:else, 5, 8, 4, 12, 7]": 2
          },
          "[:unless, 6, 18, 4, 22, 7]": {
            "[:else, 7, 18, 4, 22, 7]": 2,
            "[:then, 8, 19, 6, 21, 12]": 0
          },
          "[:unless, 9, 42, 4, 42, 31]": {
            "[:else, 10, 42, 4, 42, 31]": 0,
            "[:then, 11, 42, 4, 42, 10]": 0
          },
          "[:unless, 12, 44, 4, 47, 7]": {
            "[:else, 13, 44, 4, 47, 7]": 0,
            "[:then, 14, 45, 6, 46, 12]": 0
          },
          "[:if, 15, 49, 4, 53, 7]": {
            "[:then, 16, 50, 6, 52, 12]": 0,
            "[:else, 17, 49, 4, 53, 7]": 0
          },
          "[:unless, 18, 59, 4, 63, 7]": {
            "[:else, 19, 59, 4, 63, 7]": 0,
            "[:then, 20, 60, 6, 62, 12]": 0
          },
          "[:\"&.\", 21, 74, 6, 74, 41]": {
            "[:then, 22, 74, 6, 74, 41]": 0,
            "[:else, 23, 74, 6, 74, 41]": 0
          }
        }
      },
      "/Users/satoshi_uotani/playground/real_word_rpg/app/controllers/store/recipes_controller.rb": {
        "lines": [
          1,
          1,
          1,
          null,
          1,
          4,
          null,
          null,
          1,
          1,
          1,
          1,
          null,
          null,
          1,
          1,
          null,
          1,
          1,
          null,
          0,
          0,
          0,
          null,
          null,
          null,
          1,
          1,
          1,
          null,
          null,
          1,
          1,
          1,
          2,
          null,
          null,
          1,
          0,
          0,
          null,
          null,
          1,
          1,
          1,
          1,
          null,
          null,
          null,
          null,
          null,
          null,
          null,
          null,
          1,
          null,
          0,
          null,
          null,
          1,
          null,
          1,
          8,
          null,
          null,
          1,
          2,
          null,
          null,
          1,
          1,
          null,
          null,
          1,
          1,
          null,
          null,
          null,
          null,
          null,
          1,
          1,
          null,
          null
        ],
        "branches": {
          "[:if, 0, 18, 4, 24, 7]": {
            "[:then, 1, 19, 6, 19, 116]": 1,
            "[:else, 2, 21, 6, 23, 17]": 0
          },
          "[:if, 3, 38, 4, 41, 7]": {
            "[:then, 4, 39, 6, 40, 12]": 0,
            "[:else, 5, 38, 4, 41, 7]": 1
          }
        }
      },
      "/Users/satoshi_uotani/playground/real_word_rpg/app/models/recipe.rb": {
        "lines": [
          1,
          1,
          1,
          1,
          1,
          null,
          1,
          1,
          null
        ],
        "branches": {
        }
      },
      "/Users/satoshi_uotani/playground/real_word_rpg/app/models/recipe_item_sub_category.rb": {
        "lines": [
          1,
          1,
          1,
          null
        ],
        "branches": {
        }
      },
      "/Users/satoshi_uotani/playground/real_word_rpg/app/controllers/store/stocks_controller.rb": {
        "lines": [
          1,
          1,
          1,
          1,
          null,
          1,
          1,
          null,
          null,
          1,
          null,
          null,
          1,
          0,
          null,
          null,
          1,
          0,
          0,
          null,
          0,
          0,
          null,
          0,
          null,
          null,
          null,
          1,
          null,
          null,
          1,
          0,
          0,
          null,
          0,
          null,
          null,
          null,
          1,
          0,
          0,
          null,
          null,
          1,
          0,
          0,
          0,
          0,
          0,
          null,
          0,
          0,
          null,
          null,
          null,
          null,
          null,
          1,
          0,
          0,
          null,
          null,
          1,
          null,
          1,
          1,
          null,
          null,
          1,
          0,
          null,
          null,
          1,
          1,
          null,
          null,
          1,
          0,
          null,
          null
        ],
        "branches": {
          "[:if, 0, 21, 4, 25, 7]": {
            "[:then, 1, 22, 6, 22, 103]": 0,
            "[:else, 2, 24, 6, 24, 17]": 0
          },
          "[:if, 3, 32, 4, 36, 7]": {
            "[:then, 4, 33, 6, 33, 103]": 0,
            "[:else, 5, 35, 6, 35, 18]": 0
          },
          "[:if, 6, 45, 4, 54, 7]": {
            "[:then, 7, 46, 6, 53, 9]": 0,
            "[:else, 8, 45, 4, 54, 7]": 0
          },
          "[:if, 9, 47, 6, 53, 9]": {
            "[:then, 10, 48, 8, 49, 107]": 0,
            "[:else, 11, 51, 8, 52, 20]": 0
          }
        }
      },
      "/Users/satoshi_uotani/playground/real_word_rpg/app/channels/application_cable/channel.rb": {
        "lines": [
          0,
          0,
          0,
          0
        ],
        "branches": {
        }
      },
      "/Users/satoshi_uotani/playground/real_word_rpg/app/channels/application_cable/connection.rb": {
        "lines": [
          0,
          0,
          0,
          0
        ],
        "branches": {
        }
      },
      "/Users/satoshi_uotani/playground/real_word_rpg/app/controllers/charactor_tickets_controller.rb": {
        "lines": [
          0,
          null,
          0,
          0,
          0,
          0,
          null,
          null,
          0,
          0,
          0,
          0,
          0,
          0
        ],
        "branches": {
        }
      },
      "/Users/satoshi_uotani/playground/real_word_rpg/app/controllers/charactors_controller.rb": {
        "lines": [
          0,
          0,
          null,
          0,
          0,
          0,
          null,
          null,
          0,
          0,
          0,
          null,
          0,
          0,
          0,
          0,
          0,
          0,
          0,
          0,
          0,
          0,
          null,
          0,
          null,
          null,
          0,
          0,
          0,
          0
        ],
        "branches": {
        }
      },
      "/Users/satoshi_uotani/playground/real_word_rpg/app/controllers/experience_logs_controller.rb": {
        "lines": [
          0,
          0,
          null,
          0,
          0,
          0,
          0,
          0,
          0,
          0,
          0,
          0,
          0,
          null,
          0,
          null,
          0,
          0,
          0,
          null,
          0,
          null,
          null,
          0,
          null,
          0,
          0,
          0,
          0,
          null,
          null,
          0,
          0,
          0,
          0,
          0,
          0,
          null,
          0,
          0,
          0,
          null,
          0,
          0,
          0,
          0,
          0,
          0,
          0,
          0,
          0,
          0,
          0
        ],
        "branches": {
        }
      },
      "/Users/satoshi_uotani/playground/real_word_rpg/app/controllers/experiences_controller.rb": {
        "lines": [
          0,
          0,
          null,
          0,
          0,
          0,
          null,
          0,
          0,
          0,
          0,
          null,
          0,
          0,
          0,
          0,
          0,
          0,
          0,
          0,
          0,
          0,
          0,
          null,
          0,
          0,
          0,
          null,
          0,
          0,
          0,
          0,
          0,
          0,
          0,
          0,
          0,
          0,
          null,
          0,
          0,
          0,
          0,
          0,
          null,
          0,
          null,
          0,
          0,
          0,
          0
        ],
        "branches": {
        }
      },
      "/Users/satoshi_uotani/playground/real_word_rpg/app/controllers/htmladmin/htmladmin_controller.rb": {
        "lines": [
          0,
          null,
          0,
          0
        ],
        "branches": {
        }
      },
      "/Users/satoshi_uotani/playground/real_word_rpg/app/controllers/htmladmin/managed_htmls_controller.rb": {
        "lines": [
          0,
          0,
          0,
          0,
          null,
          0,
          null,
          0,
          0,
          0,
          0,
          0,
          0,
          0,
          0,
          0,
          0,
          0,
          0,
          0,
          0,
          0,
          0,
          0,
          null,
          0,
          0,
          0,
          null,
          0,
          0,
          0,
          0,
          null,
          0,
          0,
          0,
          null,
          0,
          0,
          0,
          0,
          0,
          0,
          0,
          0,
          0,
          0,
          0,
          null,
          0,
          0,
          0,
          0,
          0,
          0,
          0,
          0,
          0,
          0,
          null,
          0,
          0,
          0,
          0,
          0,
          null,
          0,
          0,
          0,
          0,
          0,
          null,
          0,
          null,
          0,
          0,
          0,
          null,
          0,
          0,
          0,
          0,
          null,
          0,
          0,
          0,
          null,
          0,
          0,
          0,
          0,
          0,
          0,
          0,
          0,
          0,
          null,
          0,
          0,
          0,
          0
        ],
        "branches": {
        }
      },
      "/Users/satoshi_uotani/playground/real_word_rpg/app/controllers/htmladmin/sources_controller.rb": {
        "lines": [
          0,
          0,
          null,
          0,
          null,
          0,
          0,
          null,
          0,
          0,
          0,
          0,
          0,
          0,
          0,
          0,
          null,
          0,
          null,
          0,
          0,
          0,
          null,
          0,
          0,
          0,
          0
        ],
        "branches": {
        }
      },
      "/Users/satoshi_uotani/playground/real_word_rpg/app/controllers/shops_controller.rb": {
        "lines": [
          0,
          0,
          null,
          0,
          0,
          0,
          0,
          null,
          0,
          0,
          0,
          0,
          0,
          0,
          0,
          0,
          0,
          0,
          0
        ],
        "branches": {
        }
      },
      "/Users/satoshi_uotani/playground/real_word_rpg/app/controllers/store/item_sub_categories_controller.rb": {
        "lines": [
          0,
          0,
          0,
          0,
          0,
          null,
          0,
          0,
          null,
          0,
          0,
          0,
          0,
          0,
          0,
          0,
          0,
          null,
          0,
          null,
          0,
          0,
          0,
          0
        ],
        "branches": {
        }
      },
      "/Users/satoshi_uotani/playground/real_word_rpg/app/controllers/store/other_stores_controller.rb": {
        "lines": [
          0,
          0,
          0,
          0,
          0,
          0,
          0,
          null,
          0,
          0,
          0,
          0,
          0
        ],
        "branches": {
        }
      },
      "/Users/satoshi_uotani/playground/real_word_rpg/app/controllers/tickets_controller.rb": {
        "lines": [
          0,
          0,
          0,
          null,
          0,
          0,
          0,
          null,
          0,
          0,
          0,
          0,
          0,
          null,
          0,
          0,
          0,
          null,
          0,
          0,
          0,
          0,
          0,
          0,
          0,
          0,
          0,
          0,
          null,
          0,
          0,
          0,
          0,
          0,
          null,
          0,
          null,
          0,
          0,
          0,
          null,
          0,
          0,
          0,
          0
        ],
        "branches": {
        }
      },
      "/Users/satoshi_uotani/playground/real_word_rpg/app/controllers/users/confirmations_controller.rb": {
        "lines": [
          null,
          null,
          0,
          null,
          null,
          null,
          null,
          null,
          null,
          null,
          null,
          null,
          null,
          null,
          null,
          null,
          null,
          null,
          null,
          null,
          null,
          null,
          null,
          null,
          null,
          null,
          null,
          null,
          null,
          0
        ],
        "branches": {
        }
      },
      "/Users/satoshi_uotani/playground/real_word_rpg/app/controllers/users/omniauth_callbacks_controller.rb": {
        "lines": [
          null,
          null,
          0,
          null,
          null,
          null,
          null,
          null,
          null,
          null,
          null,
          null,
          null,
          null,
          null,
          null,
          null,
          null,
          null,
          null,
          null,
          null,
          null,
          null,
          null,
          null,
          null,
          null,
          null,
          0
        ],
        "branches": {
        }
      },
      "/Users/satoshi_uotani/playground/real_word_rpg/app/controllers/users/passwords_controller.rb": {
        "lines": [
          null,
          null,
          0,
          null,
          null,
          null,
          null,
          null,
          null,
          null,
          null,
          null,
          null,
          null,
          null,
          null,
          null,
          null,
          null,
          null,
          null,
          null,
          null,
          null,
          null,
          null,
          null,
          null,
          null,
          null,
          null,
          null,
          null,
          0
        ],
        "branches": {
        }
      },
      "/Users/satoshi_uotani/playground/real_word_rpg/app/controllers/users/registrations_controller.rb": {
        "lines": [
          null,
          null,
          0,
          0,
          null,
          null,
          null,
          null,
          null,
          null,
          null,
          null,
          null,
          null,
          null,
          null,
          null,
          null,
          null,
          null,
          null,
          null,
          null,
          null,
          null,
          null,
          null,
          null,
          null,
          null,
          null,
          null,
          null,
          null,
          null,
          null,
          null,
          null,
          null,
          null,
          null,
          null,
          null,
          0,
          0,
          0,
          null,
          null,
          null,
          null,
          null,
          null,
          null,
          null,
          null,
          null,
          null,
          null,
          null,
          null,
          null,
          0
        ],
        "branches": {
        }
      },
      "/Users/satoshi_uotani/playground/real_word_rpg/app/controllers/users/unlocks_controller.rb": {
        "lines": [
          null,
          null,
          0,
          null,
          null,
          null,
          null,
          null,
          null,
          null,
          null,
          null,
          null,
          null,
          null,
          null,
          null,
          null,
          null,
          null,
          null,
          null,
          null,
          null,
          null,
          null,
          null,
          null,
          null,
          0
        ],
        "branches": {
        }
      },
      "/Users/satoshi_uotani/playground/real_word_rpg/app/mailers/application_mailer.rb": {
        "lines": [
          0,
          0,
          0,
          0
        ],
        "branches": {
        }
      },
      "/Users/satoshi_uotani/playground/real_word_rpg/app/models/buisiness_time.rb": {
        "lines": [
          0,
          0
        ],
        "branches": {
        }
      },
      "/Users/satoshi_uotani/playground/real_word_rpg/app/models/category.rb": {
        "lines": [
          0,
          0,
          0,
          0,
          0,
          0,
          0,
          0,
          0,
          0
        ],
        "branches": {
        }
      },
      "/Users/satoshi_uotani/playground/real_word_rpg/app/models/charactor.rb": {
        "lines": [
          0,
          0,
          0,
          0,
          0,
          0,
          null,
          null,
          0,
          null,
          0,
          0,
          0,
          null,
          0,
          0,
          0,
          0,
          null,
          0,
          0,
          0,
          0,
          0,
          0,
          0,
          0,
          null,
          0,
          0,
          0,
          0
        ],
        "branches": {
        }
      },
      "/Users/satoshi_uotani/playground/real_word_rpg/app/models/charactor_ticket.rb": {
        "lines": [
          0,
          0,
          0,
          0
        ],
        "branches": {
        }
      },
      "/Users/satoshi_uotani/playground/real_word_rpg/app/models/experience.rb": {
        "lines": [
          0,
          0,
          0,
          0,
          0,
          null,
          0,
          0,
          0,
          0,
          null,
          0,
          0,
          0
        ],
        "branches": {
        }
      },
      "/Users/satoshi_uotani/playground/real_word_rpg/app/models/import_html.rb": {
        "lines": [
          0,
          0,
          0,
          null,
          0,
          0
        ],
        "branches": {
        }
      },
      "/Users/satoshi_uotani/playground/real_word_rpg/app/models/managed_html.rb": {
        "lines": [
          0,
          null,
          0,
          null,
          0,
          0,
          0,
          0,
          null,
          0,
          null,
          0,
          0,
          0,
          null,
          0,
          0,
          0,
          0,
          null,
          0,
          null,
          0,
          0,
          0,
          0,
          0,
          0,
          null,
          0,
          0,
          0,
          null,
          0,
          0,
          0,
          null,
          0,
          0,
          0,
          0,
          0,
          0
        ],
        "branches": {
        }
      },
      "/Users/satoshi_uotani/playground/real_word_rpg/app/models/ticket.rb": {
        "lines": [
          0,
          0,
          0,
          0,
          null,
          0,
          null,
          0,
          0,
          null,
          0,
          0,
          0
        ],
        "branches": {
        }
      },
      "/Users/satoshi_uotani/playground/real_word_rpg/app/models/vr.rb": {
        "lines": [
          0,
          0,
          0,
          null,
          0,
          0
        ],
        "branches": {
        }
      },
      "/Users/satoshi_uotani/playground/real_word_rpg/app/models/yaml_to_html.rb": {
        "lines": [
          null,
          0,
          0,
          null,
          null,
          0,
          0,
          null,
          0,
          null,
          null,
          0,
          0,
          0,
          0,
          0,
          0,
          0,
          0,
          0,
          0,
          null,
          0,
          0,
          0,
          0,
          0,
          null,
          0,
          0,
          null,
          0,
          null,
          0,
          0,
          0,
          0,
          0,
          0,
          0,
          0,
          0,
          0,
          0,
          0,
          0,
          0,
          0,
          0,
          0,
          0,
          0,
          0,
          0,
          0,
          0,
          null,
          0,
          0,
          0,
          0,
          0,
          0,
          0,
          0,
          null,
          0,
          0,
          0,
          0,
          0,
          0,
          0,
          0,
          0,
          0,
          0,
          0,
          0,
          0,
          0,
          0,
          0,
          0,
          0,
          0,
          null,
          0,
          0,
          0,
          0,
          0,
          0,
          null,
          0,
          0,
          0,
          0,
          0,
          0,
          0,
          0,
          0,
          0,
          0,
          0,
          0,
          0,
          0,
          0,
          null,
          0,
          0,
          0,
          0,
          0,
          0,
          0,
          0,
          0,
          0,
          0,
          0,
          0,
          0,
          0,
          0,
          0,
          null,
          0,
          0,
          0,
          0,
          0,
          0,
          0,
          0,
          0,
          0,
          0,
          0,
          0,
          0,
          null,
          0,
          0,
          0,
          0,
          0,
          0,
          0,
          0,
          0,
          0,
          0,
          0,
          0,
          null,
          null,
          0,
          0,
          0,
          0,
          0,
          null,
          0,
          null,
          0,
          0,
          0,
          0,
          0,
          0,
          null,
          0,
          0,
          0,
          0,
          0,
          0,
          0
        ],
        "branches": {
        }
      },
      "/Users/satoshi_uotani/playground/real_word_rpg/app/services/message_service.rb": {
        "lines": [
          0,
          null,
          0,
          0,
          0,
          0,
          0,
          0,
          0,
          0,
          0,
          null,
          0,
          null,
          0,
          0,
          0,
          0,
          0,
          0,
          0,
          0,
          0,
          null,
          0,
          0,
          0,
          0,
          0,
          0,
          0,
          0,
          0,
          0
        ],
        "branches": {
        }
      }
    },
    "timestamp": 1780555548
  }
}
